-- Found ament_cmake: 1.3.12 (/opt/ros/humble/share/ament_cmake/cmake)
-- Found rclcpp: 16.0.17 (/opt/ros/humble/share/rclcpp/cmake)
-- Found rosidl_generator_c: 3.1.8 (/opt/ros/humble/share/rosidl_generator_c/cmake)
-- Found rosidl_adapter: 3.1.8 (/opt/ros/humble/share/rosidl_adapter/cmake)
-- Found rosidl_generator_cpp: 3.1.8 (/opt/ros/humble/share/rosidl_generator_cpp/cmake)
-- Using all available rosidl_typesupport_c: rosidl_typesupport_fastrtps_c;rosidl_typesupport_introspection_c
-- Using all available rosidl_typesupport_cpp: rosidl_typesupport_fastrtps_cpp;rosidl_typesupport_introspection_cpp
-- Found rmw_implementation_cmake: 6.1.2 (/opt/ros/humble/share/rmw_implementation_cmake/cmake)
-- Found rmw_fastrtps_cpp: 6.2.9 (/opt/ros/humble/share/rmw_fastrtps_cpp/cmake)
-- Using RMW implementation 'rmw_fastrtps_cpp' as default
-- Found px4_msgs: 2.0.1 (/home/xli/px4_ws2/install/px4_msgs/share/px4_msgs/cmake)
-- Found ament_lint_auto: 0.12.14 (/opt/ros/humble/share/ament_lint_auto/cmake)
-- Added test 'cppcheck' to perform static code analysis on C / C++ code
-- Configured cppcheck include dirs: 
-- Configured cppcheck exclude dirs and/or files: 
-- Added test 'lint_cmake' to check CMake code style
-- Added test 'uncrustify' to check C / C++ code style
-- Configured uncrustify additional arguments: 
-- Added test 'xmllint' to check XML markup files
-- Configuring done
-- Generating done
-- Build files have been written to: /home/xli/px4_ws2/build/px4_offboard
[35m[1mConsolidate compiler generated dependencies of target offboard_control[0m
[ 25%] [32mBuilding CXX object CMakeFiles/figure8.dir/src/figure8_node.cpp.o[0m
[ 75%] Built target offboard_control
[01m[K/home/xli/px4_ws2/src/px4_offboard/src/figure8_node.cpp:[m[K In member function ‘[01m[Kvoid Figure8Control::timer_callback()[m[K’:
[01m[K/home/xli/px4_ws2/src/px4_offboard/src/figure8_node.cpp:91:25:[m[K [01;31m[Kerror: [m[K‘[01m[KOffboardControl[m[K’ was not declared in this scope
   91 |             z = -5.0;   [01;31m[KOffboardControl[m[K() : Node("offboard_control")
      |                         [01;31m[K^~~~~~~~~~~~~~~[m[K
gmake[2]: *** [CMakeFiles/figure8.dir/build.make:76：CMakeFiles/figure8.dir/src/figure8_node.cpp.o] 错误 1
gmake[1]: *** [CMakeFiles/Makefile2:165：CMakeFiles/figure8.dir/all] 错误 2
gmake: *** [Makefile:146：all] 错误 2
