[0.007s] Invoking command in '/home/xli/px4_ws2/build/px4_offboard': CMAKE_PREFIX_PATH=/home/xli/px4_ws2/install/px4_msgs:/home/xli/px4_ws2/install/px4_offboard:/home/xli/Prometheus/install/quadrotor_msgs:/home/xli/Prometheus/install/prometheus_uav_control:/home/xli/Prometheus/install/prometheus_msgs:/home/xli/ws_ros2/install/px4_ros_com:/home/xli/ws_ros2/install/px4_msgs:/opt/ros/humble /usr/bin/cmake --build /home/xli/px4_ws2/build/px4_offboard -- -j24 -l24
[0.043s] [35m[1mConsolidate compiler generated dependencies of target figure8[0m
[0.056s] [ 50%] Built target offboard_control
[0.057s] [ 75%] [32mBuilding CXX object CMakeFiles/figure8.dir/src/figure8_node.cpp.o[0m
[3.234s] [100%] [32m[1mLinking CXX executable figure8[0m
[3.387s] [100%] Built target figure8
[3.396s] Invoked command in '/home/xli/px4_ws2/build/px4_offboard' returned '0': CMAKE_PREFIX_PATH=/home/xli/px4_ws2/install/px4_msgs:/home/xli/px4_ws2/install/px4_offboard:/home/xli/Prometheus/install/quadrotor_msgs:/home/xli/Prometheus/install/prometheus_uav_control:/home/xli/Prometheus/install/prometheus_msgs:/home/xli/ws_ros2/install/px4_ros_com:/home/xli/ws_ros2/install/px4_msgs:/opt/ros/humble /usr/bin/cmake --build /home/xli/px4_ws2/build/px4_offboard -- -j24 -l24
[3.398s] Invoking command in '/home/xli/px4_ws2/build/px4_offboard': CMAKE_PREFIX_PATH=/home/xli/px4_ws2/install/px4_msgs:/home/xli/px4_ws2/install/px4_offboard:/home/xli/Prometheus/install/quadrotor_msgs:/home/xli/Prometheus/install/prometheus_uav_control:/home/xli/Prometheus/install/prometheus_msgs:/home/xli/ws_ros2/install/px4_ros_com:/home/xli/ws_ros2/install/px4_msgs:/opt/ros/humble /usr/bin/cmake --install /home/xli/px4_ws2/build/px4_offboard
[3.404s] -- Install configuration: ""
[3.405s] -- Up-to-date: /home/xli/px4_ws2/install/px4_offboard/lib/px4_offboard/offboard_control
[3.405s] -- Installing: /home/xli/px4_ws2/install/px4_offboard/lib/px4_offboard/figure8
[3.406s] -- Set runtime path of "/home/xli/px4_ws2/install/px4_offboard/lib/px4_offboard/figure8" to ""
[3.406s] -- Up-to-date: /home/xli/px4_ws2/install/px4_offboard/share/ament_index/resource_index/package_run_dependencies/px4_offboard
[3.406s] -- Up-to-date: /home/xli/px4_ws2/install/px4_offboard/share/ament_index/resource_index/parent_prefix_path/px4_offboard
[3.406s] -- Up-to-date: /home/xli/px4_ws2/install/px4_offboard/share/px4_offboard/environment/ament_prefix_path.sh
[3.406s] -- Up-to-date: /home/xli/px4_ws2/install/px4_offboard/share/px4_offboard/environment/ament_prefix_path.dsv
[3.406s] -- Up-to-date: /home/xli/px4_ws2/install/px4_offboard/share/px4_offboard/environment/path.sh
[3.406s] -- Up-to-date: /home/xli/px4_ws2/install/px4_offboard/share/px4_offboard/environment/path.dsv
[3.406s] -- Up-to-date: /home/xli/px4_ws2/install/px4_offboard/share/px4_offboard/local_setup.bash
[3.406s] -- Up-to-date: /home/xli/px4_ws2/install/px4_offboard/share/px4_offboard/local_setup.sh
[3.406s] -- Up-to-date: /home/xli/px4_ws2/install/px4_offboard/share/px4_offboard/local_setup.zsh
[3.406s] -- Up-to-date: /home/xli/px4_ws2/install/px4_offboard/share/px4_offboard/local_setup.dsv
[3.406s] -- Installing: /home/xli/px4_ws2/install/px4_offboard/share/px4_offboard/package.dsv
[3.406s] -- Up-to-date: /home/xli/px4_ws2/install/px4_offboard/share/ament_index/resource_index/packages/px4_offboard
[3.406s] -- Up-to-date: /home/xli/px4_ws2/install/px4_offboard/share/px4_offboard/cmake/px4_offboardConfig.cmake
[3.406s] -- Up-to-date: /home/xli/px4_ws2/install/px4_offboard/share/px4_offboard/cmake/px4_offboardConfig-version.cmake
[3.406s] -- Up-to-date: /home/xli/px4_ws2/install/px4_offboard/share/px4_offboard/package.xml
[3.408s] Invoked command in '/home/xli/px4_ws2/build/px4_offboard' returned '0': CMAKE_PREFIX_PATH=/home/xli/px4_ws2/install/px4_msgs:/home/xli/px4_ws2/install/px4_offboard:/home/xli/Prometheus/install/quadrotor_msgs:/home/xli/Prometheus/install/prometheus_uav_control:/home/xli/Prometheus/install/prometheus_msgs:/home/xli/ws_ros2/install/px4_ros_com:/home/xli/ws_ros2/install/px4_msgs:/opt/ros/humble /usr/bin/cmake --install /home/xli/px4_ws2/build/px4_offboard
